This is XeTeX, Version 3.14159265-2.6-0.99998 (TeX Live 2017) (preloaded format=xelatex 2017.5.23)  24 OCT 2018 10:30
entering extended mode
 \write18 enabled.
 %&-line parsing enabled.
**chap01.tex
(./chap01.tex
LaTeX2e <2017-04-15>
Babel <3.10> and hyphenation patterns for 84 language(s) loaded.
! Undefined control sequence.
l.2 \chapter
            {å¼•è¨€}
The control sequence at the end of the top line
of your error message was never \def'ed. If you have
misspelled it (e.g., `\hobx'), type `I' and the correct
spelling (e.g., `I\hbox'). Otherwise just continue,
and I'll forget about whatever was undefined.


! LaTeX Error: Missing \begin{document}.

See the LaTeX manual or LaTeX Companion for explanation.
Type  H <return>  for immediate help.
 ...                                              
                                                  
l.2 \chapter{å¼•
                è¨€}
You're in trouble here.  Try typing  <return>  to proceed.
If that doesn't work, type  X <return>  to quit.

Missing character: There is no å¼• in font nullfont!
Missing character: There is no è¨€ in font nullfont!

Overfull \hbox (20.0pt too wide) in paragraph at lines 2--3
[] 
 []

! Undefined control sequence.
l.4 \section
            {ç ”ç©¶èƒŒæ™¯ã€ç›®çš„å’Œæ„ä¹‰}
The control sequence at the end of the top line
of your error message was never \def'ed. If you have
misspelled it (e.g., `\hobx'), type `I' and the correct
spelling (e.g., `I\hbox'). Otherwise just continue,
and I'll forget about whatever was undefined.


! LaTeX Error: Missing \begin{document}.

See the LaTeX manual or LaTeX Companion for explanation.
Type  H <return>  for immediate help.
 ...                                              
                                                  
l.4 \section{ç ”
                ç©¶èƒŒæ™¯ã€ç›®çš„å’Œæ„ä¹‰}
You're in trouble here.  Try typing  <return>  to proceed.
If that doesn't work, type  X <return>  to quit.

Missing character: There is no ç ” in font nullfont!
Missing character: There is no ç©¶ in font nullfont!
Missing character: There is no èƒŒ in font nullfont!
Missing character: There is no æ™¯ in font nullfont!
Missing character: There is no ã€ in font nullfont!
Missing character: There is no ç›® in font nullfont!
Missing character: There is no çš„ in font nullfont!
Missing character: There is no å’Œ in font nullfont!
Missing character: There is no æ„ in font nullfont!
Missing character: There is no ä¹‰ in font nullfont!
Missing character: There is no çƒ­ in font nullfont!
Missing character: There is no æ¶² in font nullfont!
Missing character: There is no ç³» in font nullfont!
Missing character: There is no ç»Ÿ in font nullfont!
Missing character: There is no æ˜¯ in font nullfont!
Missing character: There is no æ´‹ in font nullfont!
Missing character: There is no ä¸­ in font nullfont!
Missing character: There is no è„Š in font nullfont!
Missing character: There is no æ´» in font nullfont!
Missing character: There is no åŠ¨ in font nullfont!
Missing character: There is no çš„ in font nullfont!
Missing character: There is no é‡ in font nullfont!
Missing character: There is no è¦ in font nullfont!
Missing character: There is no ç»„ in font nullfont!
Missing character: There is no æˆ in font nullfont!
Missing character: There is no éƒ¨ in font nullfont!
Missing character: There is no åˆ† in font nullfont!
Missing character: There is no ï¼Œ in font nullfont!
Missing character: There is no å…¶ in font nullfont!
Missing character: There is no çƒ­ in font nullfont!
Missing character: There is no é€š in font nullfont!
Missing character: There is no é‡ in font nullfont!
Missing character: There is no å  in font nullfont!
Missing character: There is no å…¨ in font nullfont!
Missing character: There is no çƒ in font nullfont!
Missing character: There is no æ€» in font nullfont!
Missing character: There is no çƒ­ in font nullfont!
Missing character: There is no é€š in font nullfont!
Missing character: There is no é‡ in font nullfont!
Missing character: There is no çš„ in font nullfont!
Missing character: There is no 2 in font nullfont!
Missing character: There is no 0 in font nullfont!
Missing character: There is no - in font nullfont!
Missing character: There is no 2 in font nullfont!
Missing character: There is no 5 in font nullfont!
Missing character: There is no % in font nullfont!
Missing character: There is no ï¼Œ in font nullfont!
Missing character: There is no åŒ in font nullfont!
Missing character: There is no æ—¶ in font nullfont!
Missing character: There is no ä¹Ÿ in font nullfont!
Missing character: There is no åœ¨ in font nullfont!
Missing character: There is no åœ° in font nullfont!
Missing character: There is no è¡¨ in font nullfont!
Missing character: There is no ä¸ in font nullfont!
Missing character: There is no åœ° in font nullfont!
Missing character: There is no å£³ in font nullfont!
Missing character: There is no æ·± in font nullfont!
Missing character: There is no éƒ¨ in font nullfont!
Missing character: There is no ä¹‹ in font nullfont!
Missing character: There is no é—´ in font nullfont!
Missing character: There is no ç‰© in font nullfont!
Missing character: There is no è´¨ in font nullfont!
Missing character: There is no å¾ª in font nullfont!
Missing character: There is no ç¯ in font nullfont!
Missing character: There is no ä¸­ in font nullfont!
Missing character: There is no æ‰® in font nullfont!
Missing character: There is no æ¼” in font nullfont!
Missing character: There is no é‡ in font nullfont!
Missing character: There is no è¦ in font nullfont!
Missing character: There is no è§’ in font nullfont!
Missing character: There is no è‰² in font nullfont!
Missing character: There is no ã€‚ in font nullfont!
Missing character: There is no æ´‹ in font nullfont!
Missing character: There is no ä¸­ in font nullfont!
Missing character: There is no è„Š in font nullfont!
Missing character: There is no çƒ­ in font nullfont!
Missing character: There is no æ¶² in font nullfont!
Missing character: There is no ç³» in font nullfont!
Missing character: There is no ç»Ÿ in font nullfont!
Missing character: There is no ä¹Ÿ in font nullfont!
Missing character: There is no æ˜¯ in font nullfont!
Missing character: There is no ç ” in font nullfont!
Missing character: There is no ç©¶ in font nullfont!
Missing character: There is no ç”Ÿ in font nullfont!
Missing character: There is no å‘½ in font nullfont!
Missing character: There is no èµ· in font nullfont!
Missing character: There is no æº in font nullfont!
Missing character: There is no ä»¥ in font nullfont!
Missing character: There is no åŠ in font nullfont!
Missing character: There is no æ–° in font nullfont!
Missing character: There is no å‹ in font nullfont!
Missing character: There is no ç”Ÿ in font nullfont!
Missing character: There is no ç‰© in font nullfont!
Missing character: There is no ç¾¤ in font nullfont!
Missing character: There is no è½ in font nullfont!
Missing character: There is no çš„ in font nullfont!
Missing character: There is no ç† in font nullfont!
Missing character: There is no æƒ³ in font nullfont!
Missing character: There is no åœº in font nullfont!
Missing character: There is no æ‰€ in font nullfont!
Missing character: There is no ï¼Œ in font nullfont!
Missing character: There is no åœ¨ in font nullfont!
Missing character: There is no çƒ­ in font nullfont!
Missing character: There is no æ¶² in font nullfont!
Missing character: There is no å¾ª in font nullfont!
Missing character: There is no ç¯ in font nullfont!
Missing character: There is no å’Œ in font nullfont!
Missing character: There is no ç”Ÿ in font nullfont!
Missing character: There is no ç‰© in font nullfont!
Missing character: There is no åŒ– in font nullfont!
Missing character: There is no å­¦ in font nullfont!
Missing character: There is no ä½œ in font nullfont!
Missing character: There is no ç”¨ in font nullfont!
Missing character: There is no ä¸‹ in font nullfont!
Missing character: There is no ä¼š in font nullfont!
Missing character: There is no å½¢ in font nullfont!
Missing character: There is no æˆ in font nullfont!
Missing character: There is no æœ‰ in font nullfont!
Missing character: There is no ç» in font nullfont!
Missing character: There is no æµ in font nullfont!
Missing character: There is no ä»· in font nullfont!
Missing character: There is no å€¼ in font nullfont!
Missing character: There is no çš„ in font nullfont!
Missing character: There is no é‡‘ in font nullfont!
Missing character: There is no å± in font nullfont!
Missing character: There is no çŸ¿ in font nullfont!
Missing character: There is no åºŠ in font nullfont!
Missing character: There is no ã€‚ in font nullfont!
Missing character: There is no å°¤ in font nullfont!
Missing character: There is no å…¶ in font nullfont!
Missing character: There is no è¿‘ in font nullfont!
Missing character: There is no å¹´ in font nullfont!
Missing character: There is no æ¥ in font nullfont!
Missing character: There is no å¯¹ in font nullfont!
Missing character: There is no è¶… in font nullfont!
Missing character: There is no æ…¢ in font nullfont!
Missing character: There is no é€Ÿ in font nullfont!
Missing character: There is no æ‰© in font nullfont!
Missing character: There is no å¼  in font nullfont!
Missing character: There is no æ´‹ in font nullfont!
Missing character: There is no è„Š in font nullfont!
Missing character: There is no çš„ in font nullfont!
Missing character: There is no è°ƒ in font nullfont!
Missing character: There is no æŸ¥ in font nullfont!
Missing character: There is no å‘ in font nullfont!
Missing character: There is no ç° in font nullfont!
Missing character: There is no ï¼Œ in font nullfont!
Missing character: There is no ä»¥ in font nullfont!
Missing character: There is no å²© in font nullfont!
Missing character: There is no æµ† in font nullfont!
Missing character: There is no é›† in font nullfont!
Missing character: There is no ä¸­ in font nullfont!
Missing character: There is no ä¾› in font nullfont!
Missing character: There is no ç»™ in font nullfont!
Missing character: There is no ä¸º in font nullfont!
Missing character: There is no ç‰¹ in font nullfont!
Missing character: There is no å¾ in font nullfont!
Missing character: There is no çš„ in font nullfont!
Missing character: There is no è¶… in font nullfont!
Missing character: There is no æ…¢ in font nullfont!
Missing character: There is no é€Ÿ in font nullfont!
Missing character: There is no æ‰© in font nullfont!
Missing character: There is no å¼  in font nullfont!
Missing character: There is no æ´‹ in font nullfont!
Missing character: There is no è„Š in font nullfont!
Missing character: There is no ç¯ in font nullfont!
Missing character: There is no å¢ƒ in font nullfont!
Missing character: There is no ä¸­ in font nullfont!
Missing character: There is no çš„ in font nullfont!
Missing character: There is no çƒ­ in font nullfont!
Missing character: There is no æ¶² in font nullfont!
Missing character: There is no ç³» in font nullfont!
Missing character: There is no ç»Ÿ in font nullfont!
Missing character: There is no ä¼š in font nullfont!
Missing character: There is no å½¢ in font nullfont!
Missing character: There is no æˆ in font nullfont!
Missing character: There is no å¤§ in font nullfont!
Missing character: There is no å‹ in font nullfont!
Missing character: There is no å¤š in font nullfont!
Missing character: There is no é‡‘ in font nullfont!
Missing character: There is no å± in font nullfont!
Missing character: There is no ç¡« in font nullfont!
Missing character: There is no åŒ– in font nullfont!
Missing character: There is no ç‰© in font nullfont!
Missing character: There is no çŸ¿ in font nullfont!
Missing character: There is no åºŠ in font nullfont!
Missing character: There is no ã€‚ in font nullfont!
Missing character: There is no ä¸­ in font nullfont!
Missing character: There is no å›½ in font nullfont!
Missing character: There is no å¤§ in font nullfont!
Missing character: There is no æ´‹ in font nullfont!
Missing character: There is no çŸ¿ in font nullfont!
Missing character: There is no äº§ in font nullfont!
Missing character: There is no èµ„ in font nullfont!
Missing character: There is no æº in font nullfont!
Missing character: There is no ç ” in font nullfont!
Missing character: There is no ç©¶ in font nullfont!
Missing character: There is no ä¸ in font nullfont!
Missing character: There is no å¼€ in font nullfont!
Missing character: There is no å‘ in font nullfont!
Missing character: There is no å in font nullfont!
Missing character: There is no ä¼š in font nullfont!
Missing character: There is no å·² in font nullfont!
Missing character: There is no äº in font nullfont!
Missing character: There is no 2 in font nullfont!
Missing character: There is no 0 in font nullfont!
Missing character: There is no 1 in font nullfont!
Missing character: There is no 1 in font nullfont!
Missing character: There is no å¹´ in font nullfont!
Missing character: There is no 1 in font nullfont!
Missing character: There is no 1 in font nullfont!
Missing character: There is no æœˆ in font nullfont!
Missing character: There is no ï¼Œ in font nullfont!
Missing character: There is no ç‡ in font nullfont!
Missing character: There is no å…ˆ in font nullfont!
Missing character: There is no ä¸ in font nullfont!
Missing character: There is no å›½ in font nullfont!
Missing character: There is no é™… in font nullfont!
Missing character: There is no æµ· in font nullfont!
Missing character: There is no åº• in font nullfont!
Missing character: There is no ç®¡ in font nullfont!
Missing character: There is no ç† in font nullfont!
Missing character: There is no å±€ in font nullfont!
Missing character: There is no æ­£ in font nullfont!
Missing character: There is no å¼ in font nullfont!
Missing character: There is no ç­¾ in font nullfont!
Missing character: There is no ç½² in font nullfont!
Missing character: There is no äº† in font nullfont!
Missing character: There is no ã€Š in font nullfont!
Missing character: There is no è¥¿ in font nullfont!
Missing character: There is no å— in font nullfont!
Missing character: There is no å° in font nullfont!
Missing character: There is no åº¦ in font nullfont!
Missing character: There is no æ´‹ in font nullfont!
Missing character: There is no è„Š in font nullfont!
Missing character: There is no å¤š in font nullfont!
Missing character: There is no é‡‘ in font nullfont!
Missing character: There is no å± in font nullfont!
Missing character: There is no ç¡« in font nullfont!
Missing character: There is no åŒ– in font nullfont!
Missing character: There is no ç‰© in font nullfont!
Missing character: There is no å‹˜ in font nullfont!
Missing character: There is no æ¢ in font nullfont!
Missing character: There is no åˆ in font nullfont!
Missing character: There is no åŒ in font nullfont!
Missing character: There is no ã€‹ in font nullfont!
Missing character: There is no ã€‚ in font nullfont!
Missing character: There is no æœ¬ in font nullfont!
Missing character: There is no è¯¾ in font nullfont!
Missing character: There is no é¢˜ in font nullfont!
Missing character: There is no æ­£ in font nullfont!
Missing character: There is no æ˜¯ in font nullfont!
Missing character: There is no æº in font nullfont!
Missing character: There is no äº in font nullfont!
Missing character: There is no ã€Š in font nullfont!
Missing character: There is no å¤š in font nullfont!
Missing character: There is no é‡‘ in font nullfont!
Missing character: There is no å± in font nullfont!
Missing character: There is no ç¡« in font nullfont!
Missing character: There is no åŒ– in font nullfont!
Missing character: There is no ç‰© in font nullfont!
Missing character: There is no åˆ in font nullfont!
Missing character: There is no åŒ in font nullfont!
Missing character: There is no åŒº in font nullfont!
Missing character: There is no èµ„ in font nullfont!
Missing character: There is no æº in font nullfont!
Missing character: There is no å‹˜ in font nullfont!
Missing character: There is no æ¢ in font nullfont!
Missing character: There is no ä¸ in font nullfont!
Missing character: There is no è¯„ in font nullfont!
Missing character: There is no ä»· in font nullfont!
Missing character: There is no ã€‹ in font nullfont!
Missing character: There is no é¡¹ in font nullfont!
Missing character: There is no ç›® in font nullfont!
Missing character: There is no ã€‚ in font nullfont!
Missing character: There is no è‡ª in font nullfont!
Missing character: There is no 2 in font nullfont!
Missing character: There is no 0 in font nullfont!
Missing character: There is no 0 in font nullfont!
Missing character: There is no 7 in font nullfont!
Missing character: There is no å¹´ in font nullfont!
Missing character: There is no æˆ‘ in font nullfont!
Missing character: There is no å›½ in font nullfont!
Missing character: There is no åœ¨ in font nullfont!
Missing character: There is no è¥¿ in font nullfont!
Missing character: There is no å— in font nullfont!
Missing character: There is no å° in font nullfont!
Missing character: There is no åº¦ in font nullfont!
Missing character: There is no æ´‹ in font nullfont!
Missing character: There is no è„Š in font nullfont!
Missing character: There is no å‘ in font nullfont!
Missing character: There is no ç° in font nullfont!
Missing character: There is no ç¬¬ in font nullfont!
Missing character: There is no ä¸€ in font nullfont!
Missing character: There is no ä¸ª in font nullfont!
Missing character: There is no é«˜ in font nullfont!
Missing character: There is no æ¸© in font nullfont!
Missing character: There is no çƒ­ in font nullfont!
Missing character: There is no æ¶² in font nullfont!
Missing character: There is no å–· in font nullfont!
Missing character: There is no å£ in font nullfont!
Missing character: There is no ä»¥ in font nullfont!
Missing character: There is no æ¥ in font nullfont!
Missing character: There is no ï¼Œ in font nullfont!
Missing character: There is no åœ¨ in font nullfont!
Missing character: There is no è¥¿ in font nullfont!
Missing character: There is no å— in font nullfont!
Missing character: There is no å° in font nullfont!
Missing character: There is no åº¦ in font nullfont!
Missing character: There is no æ´‹ in font nullfont!
Missing character: There is no åˆ in font nullfont!
Missing character: There is no åŒ in font nullfont!
Missing character: There is no åŒº in font nullfont!
Missing character: There is no å¼€ in font nullfont!
Missing character: There is no å±• in font nullfont!
Missing character: There is no äº† in font nullfont!
Missing character: There is no ä¸€ in font nullfont!
Missing character: There is no ç³» in font nullfont!
Missing character: There is no åˆ— in font nullfont!
Missing character: There is no çƒ­ in font nullfont!
Missing character: There is no æ¶² in font nullfont!
Missing character: There is no æ´» in font nullfont!
Missing character: There is no åŠ¨ in font nullfont!
Missing character: There is no è°ƒ in font nullfont!
Missing character: There is no æŸ¥ in font nullfont!
Missing character: There is no å’Œ in font nullfont!
Missing character: There is no åœ° in font nullfont!
Missing character: There is no è´¨ in font nullfont!
Missing character: There is no å– in font nullfont!
Missing character: There is no æ · in font nullfont!
Missing character: There is no ï¼Œ in font nullfont!
Missing character: There is no åœ¨ in font nullfont!
Missing character: There is no æ­¤ in font nullfont!
Missing character: There is no åŒº in font nullfont!
Missing character: There is no åŸŸ in font nullfont!
Missing character: There is no æµ· in font nullfont!
Missing character: There is no åº• in font nullfont!
Missing character: There is no è· in font nullfont!
Missing character: There is no å¾— in font nullfont!
Missing character: There is no äº† in font nullfont!
Missing character: There is no å¤§ in font nullfont!
Missing character: There is no é‡ in font nullfont!
Missing character: There is no çš„ in font nullfont!
Missing character: There is no åœ° in font nullfont!
Missing character: There is no çƒ in font nullfont!
Missing character: There is no ç‰© in font nullfont!
Missing character: There is no ç† in font nullfont!
Missing character: There is no ã€ in font nullfont!
Missing character: There is no æµ in font nullfont!
Missing character: There is no ä½“ in font nullfont!
Missing character: There is no åœ° in font nullfont!
Missing character: There is no çƒ in font nullfont!
Missing character: There is no åŒ– in font nullfont!
Missing character: There is no å­¦ in font nullfont!
Missing character: There is no å’Œ in font nullfont!
Missing character: There is no å²© in font nullfont!
Missing character: There is no çŸ³ in font nullfont!
Missing character: There is no æ · in font nullfont!
Missing character: There is no å“ in font nullfont!
Missing character: There is no ç­‰ in font nullfont!
Missing character: There is no èµ„ in font nullfont!
Missing character: There is no æ–™ in font nullfont!
Missing character: There is no ï¼Œ in font nullfont!
Missing character: There is no ä½† in font nullfont!
Missing character: There is no æ˜¯ in font nullfont!
Missing character: There is no å¯¹ in font nullfont!
Missing character: There is no äº in font nullfont!
Missing character: There is no æµ· in font nullfont!
Missing character: There is no åº• in font nullfont!
Missing character: There is no ä¸€ in font nullfont!
Missing character: There is no ä¸‹ in font nullfont!
Missing character: There is no çš„ in font nullfont!
Missing character: There is no çƒ­ in font nullfont!
Missing character: There is no æ¶² in font nullfont!
Missing character: There is no ç³» in font nullfont!
Missing character: There is no ç»Ÿ in font nullfont!
Missing character: There is no æ´» in font nullfont!
Missing character: There is no åŠ¨ in font nullfont!
Missing character: There is no è§„ in font nullfont!
Missing character: There is no å¾‹ in font nullfont!
Missing character: There is no å’Œ in font nullfont!
Missing character: There is no çƒ­ in font nullfont!
Missing character: There is no æ¶² in font nullfont!
Missing character: There is no æµ in font nullfont!
Missing character: There is no åŠ¨ in font nullfont!
Missing character: There is no çš„ in font nullfont!
Missing character: There is no åŠ¨ in font nullfont!
Missing character: There is no åŠ› in font nullfont!
Missing character: There is no å­¦ in font nullfont!
Missing character: There is no ç‰¹ in font nullfont!
Missing character: There is no å¾ in font nullfont!
Missing character: There is no å°š in font nullfont!
Missing character: There is no ä¸ in font nullfont!
Missing character: There is no æ¸… in font nullfont!
Missing character: There is no æ¥š in font nullfont!
Missing character: There is no ï¼Œ in font nullfont!
Missing character: There is no è€Œ in font nullfont!
Missing character: There is no ä¸” in font nullfont!
Missing character: There is no é€š in font nullfont!
Missing character: There is no è¿‡ in font nullfont!
Missing character: There is no æ·± in font nullfont!
Missing character: There is no æ½œ in font nullfont!
Missing character: There is no å™¨ in font nullfont!
Missing character: There is no å’Œ in font nullfont!
Missing character: There is no é’» in font nullfont!
Missing character: There is no å­” in font nullfont!
Missing character: There is no é‡‡ in font nullfont!
Missing character: There is no é›† in font nullfont!
Missing character: There is no çƒ­ in font nullfont!
Missing character: There is no æ¶² in font nullfont!
Missing character: There is no å–· in font nullfont!
Missing character: There is no å£ in font nullfont!
Missing character: There is no æ•° in font nullfont!
Missing character: There is no æ® in font nullfont!
Missing character: There is no å’Œ in font nullfont!
Missing character: There is no æ·± in font nullfont!
Missing character: There is no éƒ¨ in font nullfont!
Missing character: There is no ä¿¡ in font nullfont!
Missing character: There is no æ¯ in font nullfont!
Missing character: There is no æ in font nullfont!
Missing character: There is no åº¦ in font nullfont!
Missing character: There is no å›° in font nullfont!
Missing character: There is no éš¾ in font nullfont!
Missing character: There is no ä¸” in font nullfont!
Missing character: There is no æ˜‚ in font nullfont!
Missing character: There is no è´µ in font nullfont!
Missing character: There is no ã€‚ in font nullfont!
Missing character: There is no å›  in font nullfont!
Missing character: There is no æ­¤ in font nullfont!
Missing character: There is no ï¼Œ in font nullfont!
Missing character: There is no æ•° in font nullfont!
Missing character: There is no å€¼ in font nullfont!
Missing character: There is no æ¨¡ in font nullfont!
Missing character: There is no æ‹Ÿ in font nullfont!
Missing character: There is no æ–¹ in font nullfont!
Missing character: There is no æ³• in font nullfont!
Missing character: There is no æ˜¯ in font nullfont!
Missing character: There is no ç ” in font nullfont!
Missing character: There is no ç©¶ in font nullfont!
Missing character: There is no çƒ­ in font nullfont!
Missing character: There is no æ¶² in font nullfont!
Missing character: There is no ç³» in font nullfont!
Missing character: There is no ç»Ÿ in font nullfont!
Missing character: There is no å†… in font nullfont!
Missing character: There is no éƒ¨ in font nullfont!
Missing character: There is no å¾ª in font nullfont!
Missing character: There is no ç¯ in font nullfont!
Missing character: There is no æœº in font nullfont!
Missing character: There is no åˆ¶ in font nullfont!
Missing character: There is no ã€ in font nullfont!
Missing character: There is no åŠ¨ in font nullfont!
Missing character: There is no åŠ› in font nullfont!
Missing character: There is no å­¦ in font nullfont!
Missing character: There is no ç‰¹ in font nullfont!
Missing character: There is no å¾ in font nullfont!
Missing character: There is no ã€ in font nullfont!
Missing character: There is no ç‰© in font nullfont!
Missing character: There is no è´¨ in font nullfont!
Missing character: There is no å’Œ in font nullfont!
Missing character: There is no èƒ½ in font nullfont!
Missing character: There is no é‡ in font nullfont!
Missing character: There is no è¿ in font nullfont!
Missing character: There is no ç§» in font nullfont!
Missing character: There is no ä»¥ in font nullfont!
Missing character: There is no åŠ in font nullfont!
Missing character: There is no ä¸ in font nullfont!
Missing character: There is no çŸ¿ in font nullfont!
Missing character: There is no ç‰© in font nullfont!
Missing character: There is no å½¢ in font nullfont!
Missing character: There is no æˆ in font nullfont!
Missing character: There is no çš„ in font nullfont!
Missing character: There is no å…³ in font nullfont!
Missing character: There is no ç³» in font nullfont!
Missing character: There is no çš„ in font nullfont!
Missing character: There is no æœ‰ in font nullfont!
Missing character: There is no åŠ› in font nullfont!
Missing character: There is no å·¥ in font nullfont!
Missing character: There is no å…· in font nullfont!
Missing character: There is no ã€‚ in font nullfont!
Missing character: There is no ç›¸ in font nullfont!
Missing character: There is no æ¯” in font nullfont!
Missing character: There is no äº in font nullfont!
Missing character: There is no å¿« in font nullfont!
Missing character: There is no é€Ÿ in font nullfont!
Missing character: There is no å’Œ in font nullfont!
Missing character: There is no ä¸­ in font nullfont!
Missing character: There is no é€Ÿ in font nullfont!
Missing character: There is no æ‰© in font nullfont!
Missing character: There is no å¼  in font nullfont!
Missing character: There is no æ´‹ in font nullfont!
Missing character: There is no è„Š in font nullfont!
Missing character: There is no ï¼Œ in font nullfont!
Missing character: There is no è¶… in font nullfont!
Missing character: There is no æ…¢ in font nullfont!
Missing character: There is no é€Ÿ in font nullfont!
Missing character: There is no æ‰© in font nullfont!
Missing character: There is no å¼  in font nullfont!
Missing character: There is no æ´‹ in font nullfont!
Missing character: There is no è„Š in font nullfont!
Missing character: There is no çš„ in font nullfont!
Missing character: There is no çƒ­ in font nullfont!
Missing character: There is no æ¶² in font nullfont!
Missing character: There is no ç³» in font nullfont!
Missing character: There is no ç»Ÿ in font nullfont!
Missing character: There is no å…· in font nullfont!
Missing character: There is no æœ‰ in font nullfont!
Missing character: There is no å¾ª in font nullfont!
Missing character: There is no ç¯ in font nullfont!
Missing character: There is no æ·± in font nullfont!
Missing character: There is no åº¦ in font nullfont!
Missing character: There is no å¤§ in font nullfont!
Missing character: There is no ã€ in font nullfont!
Missing character: There is no çƒ­ in font nullfont!
Missing character: There is no æº in font nullfont!
Missing character: There is no æ·± in font nullfont!
Missing character: There is no åº¦ in font nullfont!
Missing character: There is no å¤§ in font nullfont!
Missing character: There is no ã€ in font nullfont!
Missing character: There is no å— in font nullfont!
Missing character: There is no æ–­ in font nullfont!
Missing character: There is no å±‚ in font nullfont!
Missing character: There is no æ§ in font nullfont!
Missing character: There is no åˆ¶ in font nullfont!
Missing character: There is no ä½œ in font nullfont!
Missing character: There is no ç”¨ in font nullfont!
Missing character: There is no å¼º in font nullfont!
Missing character: There is no çš„ in font nullfont!
Missing character: There is no ç‰¹ in font nullfont!
Missing character: There is no ç‚¹ in font nullfont!
Missing character: There is no ã€‚ in font nullfont!
Missing character: There is no ç›® in font nullfont!
Missing character: There is no å‰ in font nullfont!
Missing character: There is no å›½ in font nullfont!
Missing character: There is no é™… in font nullfont!
Missing character: There is no ä¸Š in font nullfont!
Missing character: There is no å¯¹ in font nullfont!
Missing character: There is no å¿« in font nullfont!
Missing character: There is no é€Ÿ in font nullfont!
Missing character: There is no ã€ in font nullfont!
Missing character: There is no ä¸­ in font nullfont!
Missing character: There is no é€Ÿ in font nullfont!
Missing character: There is no æ‰© in font nullfont!
Missing character: There is no å¼  in font nullfont!
Missing character: There is no æ´‹ in font nullfont!
Missing character: There is no è„Š in font nullfont!
Missing character: There is no çš„ in font nullfont!
Missing character: There is no çƒ­ in font nullfont!
Missing character: There is no æ¶² in font nullfont!
Missing character: There is no ç³» in font nullfont!
Missing character: There is no ç»Ÿ in font nullfont!
Missing character: There is no æ•° in font nullfont!
Missing character: There is no å€¼ in font nullfont!
Missing character: There is no æ¨¡ in font nullfont!
Missing character: There is no æ‹Ÿ in font nullfont!
Missing character: There is no ç ” in font nullfont!
Missing character: There is no ç©¶ in font nullfont!
Missing character: There is no è¾ƒ in font nullfont!
Missing character: There is no å¤š in font nullfont!
Missing character: There is no ï¼Œ in font nullfont!
Missing character: There is no å‡  in font nullfont!
Missing character: There is no ä¹ in font nullfont!
Missing character: There is no æ²¡ in font nullfont!
Missing character: There is no æœ‰ in font nullfont!
Missing character: There is no å¯¹ in font nullfont!
Missing character: There is no è¶… in font nullfont!
Missing character: There is no æ…¢ in font nullfont!
Missing character: There is no é€Ÿ in font nullfont!
Missing character: There is no æ‰© in font nullfont!
Missing character: There is no å¼  in font nullfont!
Missing character: There is no æ´‹ in font nullfont!
Missing character: There is no è„Š in font nullfont!
Missing character: There is no ç¯ in font nullfont!
Missing character: There is no å¢ƒ in font nullfont!
Missing character: There is no ä¸‹ in font nullfont!
Missing character: There is no çš„ in font nullfont!
Missing character: There is no è¶… in font nullfont!
Missing character: There is no æ·± in font nullfont!
Missing character: There is no ï¼ˆ in font nullfont!
Missing character: There is no 1 in font nullfont!
Missing character: There is no 6 in font nullfont!
Missing character: There is no k in font nullfont!
Missing character: There is no m in font nullfont!
Missing character: There is no ï¼‰ in font nullfont!
Missing character: There is no çš„ in font nullfont!
Missing character: There is no çƒ­ in font nullfont!
Missing character: There is no æ¶² in font nullfont!
Missing character: There is no ç³» in font nullfont!
Missing character: There is no ç»Ÿ in font nullfont!
Missing character: There is no è¿› in font nullfont!
Missing character: There is no è¡Œ in font nullfont!
Missing character: There is no æ•° in font nullfont!
Missing character: There is no å€¼ in font nullfont!
Missing character: There is no æ¨¡ in font nullfont!
Missing character: There is no æ‹Ÿ in font nullfont!
Missing character: There is no ç ” in font nullfont!
Missing character: There is no ç©¶ in font nullfont!
Missing character: There is no ã€‚ in font nullfont!
Missing character: There is no å›  in font nullfont!
Missing character: There is no æ­¤ in font nullfont!
Missing character: There is no ï¼Œ in font nullfont!
Missing character: There is no ä»¥ in font nullfont!
Missing character: There is no å»º in font nullfont!
Missing character: There is no ç«‹ in font nullfont!
Missing character: There is no è¶… in font nullfont!
Missing character: There is no æ…¢ in font nullfont!
Missing character: There is no é€Ÿ in font nullfont!
Missing character: There is no æ‰© in font nullfont!
Missing character: There is no å¼  in font nullfont!
Missing character: There is no æ´‹ in font nullfont!
Missing character: There is no è„Š in font nullfont!
Missing character: There is no çƒ­ in font nullfont!
Missing character: There is no æ¶² in font nullfont!
Missing character: There is no ç³» in font nullfont!
Missing character: There is no ç»Ÿ in font nullfont!
Missing character: There is no æ•° in font nullfont!
Missing character: There is no å€¼ in font nullfont!
Missing character: There is no æ¨¡ in font nullfont!
Missing character: There is no å‹ in font nullfont!
Missing character: There is no ä¸º in font nullfont!
Missing character: There is no ç ” in font nullfont!
Missing character: There is no ç©¶ in font nullfont!
Missing character: There is no å†… in font nullfont!
Missing character: There is no å®¹ in font nullfont!
Missing character: There is no ï¼Œ in font nullfont!
Missing character: There is no å¼€ in font nullfont!
Missing character: There is no å±• in font nullfont!
Missing character: There is no åš in font nullfont!
Missing character: There is no å£« in font nullfont!
Missing character: There is no è®º in font nullfont!
Missing character: There is no æ–‡ in font nullfont!
Missing character: There is no ç ” in font nullfont!
Missing character: There is no ç©¶ in font nullfont!
Missing character: There is no å·¥ in font nullfont!
Missing character: There is no ä½œ in font nullfont!
Missing character: There is no ï¼ˆ in font nullfont!
Missing character: There is no ä»¥ in font nullfont!
Missing character: There is no ä¾¿ in font nullfont!
Missing character: There is no äº in font nullfont!
Missing character: There is no è¡¨ in font nullfont!
Missing character: There is no è¿° in font nullfont!
Missing character: There is no ï¼Œ in font nullfont!
Missing character: There is no å¦‚ in font nullfont!
Missing character: There is no æ—  in font nullfont!
Missing character: There is no ç‰¹ in font nullfont!
Missing character: There is no åˆ« in font nullfont!
Missing character: There is no è¯´ in font nullfont!
Missing character: There is no æ˜ in font nullfont!
Missing character: There is no ï¼Œ in font nullfont!
Missing character: There is no ä¸‹ in font nullfont!
Missing character: There is no æ–‡ in font nullfont!
Missing character: There is no ä¸­ in font nullfont!
Missing character: There is no æ‰€ in font nullfont!
Missing character: There is no è¿° in font nullfont!
Missing character: There is no çš„ in font nullfont!
Missing character: There is no çƒ­ in font nullfont!
Missing character: There is no æ¶² in font nullfont!
Missing character: There is no ç³» in font nullfont!
Missing character: There is no ç»Ÿ in font nullfont!
Missing character: There is no å‡ in font nullfont!
Missing character: There is no æŒ‡ in font nullfont!
Missing character: There is no è¶… in font nullfont!
Missing character: There is no æ…¢ in font nullfont!
Missing character: There is no é€Ÿ in font nullfont!
Missing character: There is no æ‰© in font nullfont!
Missing character: There is no å¼  in font nullfont!
Missing character: There is no æ´‹ in font nullfont!
Missing character: There is no è„Š in font nullfont!
Missing character: There is no çƒ­ in font nullfont!
Missing character: There is no æ¶² in font nullfont!
Missing character: There is no ç³» in font nullfont!
Missing character: There is no ç»Ÿ in font nullfont!
Missing character: There is no ï¼‰ in font nullfont!
Missing character: There is no ã€‚ in font nullfont!

Overfull \hbox (20.0pt too wide) in paragraph at lines 4--18
[]
 []

! Undefined control sequence.
l.20 \section
             {ç ”ç©¶ç°çŠ¶å’Œå­˜åœ¨é—®é¢˜}
The control sequence at the end of the top line
of your error message was never \def'ed. If you have
misspelled it (e.g., `\hobx'), type `I' and the correct
spelling (e.g., `I\hbox'). Otherwise just continue,
and I'll forget about whatever was undefined.


! LaTeX Error: Missing \begin{document}.

See the LaTeX manual or LaTeX Companion for explanation.
Type  H <return>  for immediate help.
 ...                                              
                                                  
l.20 \section{ç ”
                 ç©¶ç°çŠ¶å’Œå­˜åœ¨é—®é¢˜}
You're in trouble here.  Try typing  <return>  to proceed.
If that doesn't work, type  X <return>  to quit.

Missing character: There is no ç ” in font nullfont!
Missing character: There is no ç©¶ in font nullfont!
Missing character: There is no ç° in font nullfont!
Missing character: There is no çŠ¶ in font nullfont!
Missing character: There is no å’Œ in font nullfont!
Missing character: There is no å­˜ in font nullfont!
Missing character: There is no åœ¨ in font nullfont!
Missing character: There is no é—® in font nullfont!
Missing character: There is no é¢˜ in font nullfont!
Missing character: There is no æ´‹ in font nullfont!
Missing character: There is no ä¸­ in font nullfont!
Missing character: There is no è„Š in font nullfont!
Missing character: There is no çƒ­ in font nullfont!
Missing character: There is no æ¶² in font nullfont!
Missing character: There is no ç³» in font nullfont!
Missing character: There is no ç»Ÿ in font nullfont!
Missing character: There is no æ•° in font nullfont!
Missing character: There is no å€¼ in font nullfont!
Missing character: There is no æ¨¡ in font nullfont!
Missing character: There is no æ‹Ÿ in font nullfont!
Missing character: There is no ç ” in font nullfont!
Missing character: There is no ç©¶ in font nullfont!
Missing character: There is no ä¸» in font nullfont!
Missing character: There is no è¦ in font nullfont!
Missing character: There is no ä»¥ in font nullfont!
Missing character: There is no å›½ in font nullfont!
Missing character: There is no å¤– in font nullfont!
Missing character: There is no ç ” in font nullfont!
Missing character: There is no ç©¶ in font nullfont!
Missing character: There is no æœº in font nullfont!
Missing character: There is no æ„ in font nullfont!
Missing character: There is no ï¼ˆ in font nullfont!
Missing character: There is no U in font nullfont!
Missing character: There is no S in font nullfont!
Missing character: There is no G in font nullfont!
Missing character: There is no S in font nullfont!
Missing character: There is no , in font nullfont!
Missing character: There is no G in font nullfont!
Missing character: There is no E in font nullfont!
Missing character: There is no O in font nullfont!
Missing character: There is no M in font nullfont!
Missing character: There is no A in font nullfont!
Missing character: There is no R in font nullfont!
Missing character: There is no , in font nullfont!
Missing character: There is no E in font nullfont!
Missing character: There is no T in font nullfont!
Missing character: There is no H in font nullfont!
Missing character: There is no ï¼‰ in font nullfont!
Missing character: There is no ä¸º in font nullfont!
Missing character: There is no ä¸» in font nullfont!
Missing character: There is no ï¼Œ in font nullfont!
Missing character: There is no å›½ in font nullfont!
Missing character: There is no å†… in font nullfont!
Missing character: There is no ç ” in font nullfont!
Missing character: There is no ç©¶ in font nullfont!
Missing character: There is no ç»“ in font nullfont!
Missing character: There is no æ„ in font nullfont!
Missing character: There is no å’Œ in font nullfont!
Missing character: There is no å­¦ in font nullfont!
Missing character: There is no è€… in font nullfont!
Missing character: There is no å¯¹ in font nullfont!
Missing character: There is no æ­¤ in font nullfont!
Missing character: There is no é¢† in font nullfont!
Missing character: There is no åŸŸ in font nullfont!
Missing character: There is no ç ” in font nullfont!
Missing character: There is no ç©¶ in font nullfont!
Missing character: There is no è¾ƒ in font nullfont!
Missing character: There is no å°‘ in font nullfont!
Missing character: There is no ã€‚ in font nullfont!

Overfull \hbox (20.0pt too wide) in paragraph at lines 20--22
[]
 []

! Undefined control sequence.
l.23 \subsection
                {å›½å†…å¤–ç ”ç©¶ç°çŠ¶å’Œå‘å±•è¶‹åŠ¿}
The control sequence at the end of the top line
of your error message was never \def'ed. If you have
misspelled it (e.g., `\hobx'), type `I' and the correct
spelling (e.g., `I\hbox'). Otherwise just continue,
and I'll forget about whatever was undefined.


! LaTeX Error: Missing \begin{document}.

See the LaTeX manual or LaTeX Companion for explanation.
Type  H <return>  for immediate help.
 ...                                              
                                                  
l.23 \subsection{å›½
                    å†…å¤–ç ”ç©¶ç°çŠ¶å’Œå‘å±•è¶‹åŠ¿}
You're in trouble here.  Try typing  <return>  to proceed.
If that doesn't work, type  X <return>  to quit.

Missing character: There is no å›½ in font nullfont!
Missing character: There is no å†… in font nullfont!
Missing character: There is no å¤– in font nullfont!
Missing character: There is no ç ” in font nullfont!
Missing character: There is no ç©¶ in font nullfont!
Missing character: There is no ç° in font nullfont!
Missing character: There is no çŠ¶ in font nullfont!
Missing character: There is no å’Œ in font nullfont!
Missing character: There is no å‘ in font nullfont!
Missing character: There is no å±• in font nullfont!
Missing character: There is no è¶‹ in font nullfont!
Missing character: There is no åŠ¿ in font nullfont!

Overfull \hbox (20.0pt too wide) in paragraph at lines 23--24
[] 
 []


! LaTeX Error: Missing \begin{document}.

See the LaTeX manual or LaTeX Companion for explanation.
Type  H <return>  for immediate help.
 ...                                              
                                                  
l.26 è€¦
        åˆæ–¹æ¡ˆåº”è¯¥æ˜¯æ±‚è§£è¿™ç±»é—®é¢˜çš„æ›´å¥½çš„é€‰æ‹©ï¼Œå¤§çš„æ—¶é—...

You're in trouble here.  Try typing  <return>  to proceed.
If that doesn't work, type  X <return>  to quit.

Missing character: There is no è€¦ in font nullfont!
Missing character: There is no åˆ in font nullfont!
Missing character: There is no æ–¹ in font nullfont!
Missing character: There is no æ¡ˆ in font nullfont!
Missing character: There is no åº” in font nullfont!
Missing character: There is no è¯¥ in font nullfont!
Missing character: There is no æ˜¯ in font nullfont!
Missing character: There is no æ±‚ in font nullfont!
Missing character: There is no è§£ in font nullfont!
Missing character: There is no è¿™ in font nullfont!
Missing character: There is no ç±» in font nullfont!
Missing character: There is no é—® in font nullfont!
Missing character: There is no é¢˜ in font nullfont!
Missing character: There is no çš„ in font nullfont!
Missing character: There is no æ›´ in font nullfont!
Missing character: There is no å¥½ in font nullfont!
Missing character: There is no çš„ in font nullfont!
Missing character: There is no é€‰ in font nullfont!
Missing character: There is no æ‹© in font nullfont!
Missing character: There is no ï¼Œ in font nullfont!
Missing character: There is no å¤§ in font nullfont!
Missing character: There is no çš„ in font nullfont!
Missing character: There is no æ—¶ in font nullfont!
Missing character: There is no é—´ in font nullfont!
Missing character: There is no æ­¥ in font nullfont!
Missing character: There is no é•¿ in font nullfont!
Missing character: There is no æ˜¯ in font nullfont!
Missing character: There is no çš„ in font nullfont!
Missing character: There is no ä¸‰ in font nullfont!
Missing character: There is no ç»´ in font nullfont!
Missing character: There is no æ¨¡ in font nullfont!
Missing character: There is no æ‹Ÿ in font nullfont!
Missing character: There is no æ›´ in font nullfont!
Missing character: There is no å®¹ in font nullfont!
Missing character: There is no æ˜“ in font nullfont!
Missing character: There is no å¤„ in font nullfont!
Missing character: There is no ç† in font nullfont!
Missing character: There is no ã€‚ in font nullfont!
Missing character: There is no ä½† in font nullfont!
Missing character: There is no æ˜¯ in font nullfont!
Missing character: There is no é—® in font nullfont!
Missing character: There is no é¢˜ in font nullfont!
Missing character: There is no åœ¨ in font nullfont!
Missing character: There is no äº in font nullfont!
Missing character: There is no å¦‚ in font nullfont!
Missing character: There is no ä½• in font nullfont!
Missing character: There is no æ¨ in font nullfont!
Missing character: There is no å¯¼ in font nullfont!
Missing character: There is no å‡º in font nullfont!
Missing character: There is no è€¦ in font nullfont!
Missing character: There is no åˆ in font nullfont!
Missing character: There is no æ–¹ in font nullfont!
Missing character: There is no æ¡ˆ in font nullfont!
Missing character: There is no æ—¢ in font nullfont!
Missing character: There is no èƒ½ in font nullfont!
Missing character: There is no ä¿ in font nullfont!
Missing character: There is no è¯ in font nullfont!
Missing character: There is no ç¨³ in font nullfont!
Missing character: There is no å®š in font nullfont!
Missing character: There is no æ€§ in font nullfont!
Missing character: There is no åˆ in font nullfont!
Missing character: There is no ä¸ in font nullfont!
Missing character: There is no å¤± in font nullfont!
Missing character: There is no ç²¾ in font nullfont!
Missing character: There is no åº¦ in font nullfont!
Missing character: There is no ã€‚ in font nullfont!

Overfull \hbox (20.0pt too wide) in paragraph at lines 26--27
[] 
 []

! Undefined control sequence.
l.28 \subsection
                {å­˜åœ¨é—®é¢˜å’Œå‘å±•è¶‹åŠ¿}
The control sequence at the end of the top line
of your error message was never \def'ed. If you have
misspelled it (e.g., `\hobx'), type `I' and the correct
spelling (e.g., `I\hbox'). Otherwise just continue,
and I'll forget about whatever was undefined.


! LaTeX Error: Missing \begin{document}.

See the LaTeX manual or LaTeX Companion for explanation.
Type  H <return>  for immediate help.
 ...                                              
                                                  
l.28 \subsection{å­˜
                    åœ¨é—®é¢˜å’Œå‘å±•è¶‹åŠ¿}
You're in trouble here.  Try typing  <return>  to proceed.
If that doesn't work, type  X <return>  to quit.

Missing character: There is no å­˜ in font nullfont!
Missing character: There is no åœ¨ in font nullfont!
Missing character: There is no é—® in font nullfont!
Missing character: There is no é¢˜ in font nullfont!
Missing character: There is no å’Œ in font nullfont!
Missing character: There is no å‘ in font nullfont!
Missing character: There is no å±• in font nullfont!
Missing character: There is no è¶‹ in font nullfont!
Missing character: There is no åŠ¿ in font nullfont!
Missing character: There is no å¯¹ in font nullfont!
Missing character: There is no äº in font nullfont!
Missing character: There is no æ´‹ in font nullfont!
Missing character: There is no ä¸­ in font nullfont!
Missing character: There is no è„Š in font nullfont!
Missing character: There is no çƒ­ in font nullfont!
Missing character: There is no æ¶² in font nullfont!
Missing character: There is no ç³» in font nullfont!
Missing character: There is no ç»Ÿ in font nullfont!
Missing character: There is no çš„ in font nullfont!
Missing character: There is no æ•° in font nullfont!
Missing character: There is no å€¼ in font nullfont!
Missing character: There is no æ¨¡ in font nullfont!
Missing character: There is no æ‹Ÿ in font nullfont!
Missing character: There is no ï¼Œ in font nullfont!

Overfull \hbox (20.0pt too wide) in paragraph at lines 28--30
[]
 []


! LaTeX Error: Missing \begin{document}.

See the LaTeX manual or LaTeX Companion for explanation.
Type  H <return>  for immediate help.
 ...                                              
                                                  
l.32 è®º
        æ–‡ä¸»è¦æˆæœå¦‚ä¸‹ï¼š
You're in trouble here.  Try typing  <return>  to proceed.
If that doesn't work, type  X <return>  to quit.

Missing character: There is no è®º in font nullfont!
Missing character: There is no æ–‡ in font nullfont!
Missing character: There is no ä¸» in font nullfont!
Missing character: There is no è¦ in font nullfont!
Missing character: There is no æˆ in font nullfont!
Missing character: There is no æœ in font nullfont!
Missing character: There is no å¦‚ in font nullfont!
Missing character: There is no ä¸‹ in font nullfont!
Missing character: There is no ï¼š in font nullfont!

Overfull \hbox (20.0pt too wide) in paragraph at lines 32--33
[] 
 []


! LaTeX Error: Missing \begin{document}.

See the LaTeX manual or LaTeX Companion for explanation.
Type  H <return>  for immediate help.
 ...                                              
                                                  
l.34 \begin{enumerate}
                      
You're in trouble here.  Try typing  <return>  to proceed.
If that doesn't work, type  X <return>  to quit.


Overfull \hbox (20.0pt too wide) in paragraph at lines 34--34
[] 
 []

Missing character: There is no æ„ in font nullfont!
Missing character: There is no å»º in font nullfont!
Missing character: There is no çƒ­ in font nullfont!
Missing character: There is no æ¶² in font nullfont!
Missing character: There is no æµ in font nullfont!
Missing character: There is no ä½“ in font nullfont!
Missing character: There is no å¾ª in font nullfont!
Missing character: There is no ç¯ in font nullfont!
Missing character: There is no x in font nullfont!
Missing character: There is no x in font nullfont!
Missing character: There is no x in font nullfont!
Missing character: There is no x in font nullfont!
Missing character: There is no æ¨¡ in font nullfont!
Missing character: There is no æ‹Ÿ in font nullfont!
Missing character: There is no æ–¹ in font nullfont!
Missing character: There is no æ³• in font nullfont!
Missing character: There is no è· in font nullfont!
Missing character: There is no å¾— in font nullfont!
Missing character: There is no çƒ­ in font nullfont!
Missing character: There is no æ¶² in font nullfont!
Missing character: There is no ç³» in font nullfont!
Missing character: There is no ç»Ÿ in font nullfont!
Missing character: There is no æ•° in font nullfont!
Missing character: There is no å€¼ in font nullfont!
Missing character: There is no æ¨¡ in font nullfont!
Missing character: There is no æ‹Ÿ in font nullfont!
Missing character: There is no ç¨‹ in font nullfont!
Missing character: There is no åº in font nullfont!
Missing character: There is no ï¼Œ in font nullfont!
Missing character: There is no ä¸º in font nullfont!
Missing character: There is no å in font nullfont!
Missing character: There is no ç»­ in font nullfont!
Missing character: There is no ç ” in font nullfont!
Missing character: There is no ç©¶ in font nullfont!
Missing character: There is no æ‰“ in font nullfont!
Missing character: There is no ä¸‹ in font nullfont!
Missing character: There is no äº† in font nullfont!
Missing character: There is no åŸº in font nullfont!
Missing character: There is no ç¡€ in font nullfont!
Missing character: There is no å‘ in font nullfont!
Missing character: There is no è¡¨ in font nullfont!
Missing character: There is no ä¸¤ in font nullfont!
Missing character: There is no ç¯‡ in font nullfont!
Missing character: There is no S in font nullfont!
Missing character: There is no C in font nullfont!
Missing character: There is no I in font nullfont!
Missing character: There is no è®º in font nullfont!
Missing character: There is no æ–‡ in font nullfont!
! Undefined control sequence.
l.42 \section
             {æ¨¡æ¿ä½¿ç”¨æ–¹æ³•}
The control sequence at the end of the top line
of your error message was never \def'ed. If you have
misspelled it (e.g., `\hobx'), type `I' and the correct
spelling (e.g., `I\hbox'). Otherwise just continue,
and I'll forget about whatever was undefined.

Missing character: There is no æ¨¡ in font nullfont!
Missing character: There is no æ¿ in font nullfont!
Missing character: There is no ä½¿ in font nullfont!
Missing character: There is no ç”¨ in font nullfont!
Missing character: There is no æ–¹ in font nullfont!
Missing character: There is no æ³• in font nullfont!

Overfull \hbox (20.0pt too wide) in paragraph at lines 42--43
[] 
 []

! Undefined control sequence.
l.44 \subsection
                {æ’å…¥å›¾ç‰‡}
The control sequence at the end of the top line
of your error message was never \def'ed. If you have
misspelled it (e.g., `\hobx'), type `I' and the correct
spelling (e.g., `I\hbox'). Otherwise just continue,
and I'll forget about whatever was undefined.

Missing character: There is no æ’ in font nullfont!
Missing character: There is no å…¥ in font nullfont!
Missing character: There is no å›¾ in font nullfont!
Missing character: There is no ç‰‡ in font nullfont!

! LaTeX Error: Environment figure undefined.

See the LaTeX manual or LaTeX Companion for explanation.
Type  H <return>  for immediate help.
 ...                                              
                                                  
l.45 \begin{figure}
                    [htbp]
Your command was ignored.
Type  I <command> <return>  to replace it with another command,
or  <return>  to continue without it.

Missing character: There is no [ in font nullfont!
Missing character: There is no h in font nullfont!
Missing character: There is no t in font nullfont!
Missing character: There is no b in font nullfont!
Missing character: There is no p in font nullfont!
Missing character: There is no ] in font nullfont!
! Undefined control sequence.
l.47 	\includegraphics
                      [width=\textwidth ]{SinglePassModel}
The control sequence at the end of the top line
of your error message was never \def'ed. If you have
misspelled it (e.g., `\hobx'), type `I' and the correct
spelling (e.g., `I\hbox'). Otherwise just continue,
and I'll forget about whatever was undefined.

Missing character: There is no [ in font nullfont!
Missing character: There is no w in font nullfont!
Missing character: There is no i in font nullfont!
Missing character: There is no d in font nullfont!
Missing character: There is no t in font nullfont!
Missing character: There is no h in font nullfont!
Missing character: There is no = in font nullfont!
! Missing number, treated as zero.
<to be read again> 
                   ]
l.47 	\includegraphics[width=\textwidth ]
                                         {SinglePassModel}
A number should have been here; I inserted `0'.
(If you can't figure out why I needed to see a number,
look up `weird error' in the index to The TeXbook.)

! Illegal unit of measure (pt inserted).
<to be read again> 
                   ]
l.47 	\includegraphics[width=\textwidth ]
                                         {SinglePassModel}
Dimensions can be in units of em, ex, in, pt, pc,
cm, mm, dd, cc, bp, or sp; but yours is a new one!
I'll assume that you meant to say pt, for printer's points.
To recover gracefully from this error, it's best to
delete the erroneous units; e.g., type `2' to delete
two letters. (See Chapter 27 of The TeXbook.)

Missing character: There is no ] in font nullfont!
Missing character: There is no S in font nullfont!
Missing character: There is no i in font nullfont!
Missing character: There is no n in font nullfont!
Missing character: There is no g in font nullfont!
Missing character: There is no l in font nullfont!
Missing character: There is no e in font nullfont!
Missing character: There is no P in font nullfont!
Missing character: There is no a in font nullfont!
Missing character: There is no s in font nullfont!
Missing character: There is no s in font nullfont!
Missing character: There is no M in font nullfont!
Missing character: There is no o in font nullfont!
Missing character: There is no d in font nullfont!
Missing character: There is no e in font nullfont!
Missing character: There is no l in font nullfont!

! LaTeX Error: \caption outside float.

See the LaTeX manual or LaTeX Companion for explanation.
Type  H <return>  for immediate help.
 ...                                              
                                                  
l.48 	\caption
              [Single-pass model]{å•é€šé“æ¨¡å‹}
You're in trouble here.  Try typing  <return>  to proceed.
If that doesn't work, type  X <return>  to quit.

Missing character: There is no [ in font nullfont!
Missing character: There is no S in font nullfont!
Missing character: There is no i in font nullfont!
Missing character: There is no n in font nullfont!
Missing character: There is no g in font nullfont!
Missing character: There is no l in font nullfont!
Missing character: There is no e in font nullfont!
Missing character: There is no - in font nullfont!
Missing character: There is no p in font nullfont!
Missing character: There is no a in font nullfont!
Missing character: There is no s in font nullfont!
Missing character: There is no s in font nullfont!
Missing character: There is no m in font nullfont!
Missing character: There is no o in font nullfont!
Missing character: There is no d in font nullfont!
Missing character: There is no e in font nullfont!
Missing character: There is no l in font nullfont!
Missing character: There is no ] in font nullfont!
Missing character: There is no å• in font nullfont!
Missing character: There is no é€š in font nullfont!
Missing character: There is no é“ in font nullfont!
Missing character: There is no æ¨¡ in font nullfont!
Missing character: There is no å‹ in font nullfont!
! Undefined control sequence.
l.49 	\fnote
            {è¿™æ˜¯ä¸€æ®µå›¾æ³¨ï¼Œä¹±æŒ‰é”®ç›˜ï¼šæƒŠå‘†äº†æ’’å¨‡æ¥å¾—åŠç”µ...
The control sequence at the end of the top line
of your error message was never \def'ed. If you have
misspelled it (e.g., `\hobx'), type `I' and the correct
spelling (e.g., `I\hbox'). Otherwise just continue,
and I'll forget about whatever was undefined.

Missing character: There is no è¿™ in font nullfont!
Missing character: There is no æ˜¯ in font nullfont!
Missing character: There is no ä¸€ in font nullfont!
Missing character: There is no æ®µ in font nullfont!
Missing character: There is no å›¾ in font nullfont!
Missing character: There is no æ³¨ in font nullfont!
Missing character: There is no ï¼Œ in font nullfont!
Missing character: There is no ä¹± in font nullfont!
Missing character: There is no æŒ‰ in font nullfont!
Missing character: There is no é”® in font nullfont!
Missing character: There is no ç›˜ in font nullfont!
Missing character: There is no ï¼š in font nullfont!
Missing character: There is no æƒŠ in font nullfont!
Missing character: There is no å‘† in font nullfont!
Missing character: There is no äº† in font nullfont!
Missing character: There is no æ’’ in font nullfont!
Missing character: There is no å¨‡ in font nullfont!
Missing character: There is no æ¥ in font nullfont!
Missing character: There is no å¾— in font nullfont!
Missing character: There is no åŠ in font nullfont!
Missing character: There is no ç”µ in font nullfont!
Missing character: There is no è·¯ in font nullfont!
Missing character: There is no è®¾ in font nullfont!
Missing character: There is no è®¡ in font nullfont!
Missing character: There is no å•Š in font nullfont!
Missing character: There is no é™„ in font nullfont!
Missing character: There is no è¿‘ in font nullfont!
Missing character: There is no çš„ in font nullfont!
Missing character: There is no éª„ in font nullfont!
Missing character: There is no å‚² in font nullfont!
Missing character: There is no è€Œ in font nullfont!
Missing character: There is no ä¸º in font nullfont!
Missing character: There is no çš„ in font nullfont!
Missing character: There is no ç¦» in font nullfont!
Missing character: There is no å¼€ in font nullfont!
Missing character: There is no é™ in font nullfont!
Missing character: There is no å®‰ in font nullfont!
Missing character: There is no å¯º in font nullfont!
Missing character: There is no è¦… in font nullfont!
Missing character: There is no é¢ in font nullfont!
Missing character: There is no é»„ in font nullfont!
Missing character: There is no é£ in font nullfont!
Missing character: There is no é¸¿ in font nullfont!
Missing character: There is no æˆ‘ in font nullfont!
Missing character: There is no ç§¯ in font nullfont!
Missing character: There is no åˆ† in font nullfont!
Missing character: There is no å¯¹ in font nullfont!
Missing character: There is no æ—¶ in font nullfont!
Missing character: There is no é—´ in font nullfont!
Missing character: There is no å•Š in font nullfont!
Missing character: There is no æµª in font nullfont!
Missing character: There is no è´¹ in font nullfont!
Missing character: There is no æˆ‘ in font nullfont!
Missing character: There is no h in font nullfont!
Missing character: There is no i in font nullfont!
Missing character: There is no ç¬¦ in font nullfont!
Missing character: There is no åˆ in font nullfont!
Missing character: There is no æ¢ in font nullfont!
Missing character: There is no ä¸ª in font nullfont!
Missing character: There is no å“ˆ in font nullfont!
Missing character: There is no ç»“ in font nullfont!
Missing character: There is no å°¾ in font nullfont!
Missing character: There is no è¦… in font nullfont!
Missing character: There is no å“¦ in font nullfont!
Missing character: There is no å•Š in font nullfont!
Missing character: There is no è§ in font nullfont!
Missing character: There is no é™„ in font nullfont!
Missing character: There is no ä»¶ in font nullfont!
Missing character: There is no é¥¿ in font nullfont!
Missing character: There is no å“¦ in font nullfont!

! LaTeX Error: \begin{document} ended by \end{figure}.

See the LaTeX manual or LaTeX Companion for explanation.
Type  H <return>  for immediate help.
 ...                                              
                                                  
l.51 \end{figure}
                 
Your command was ignored.
Type  I <command> <return>  to replace it with another command,
or  <return>  to continue without it.


Overfull \hbox (20.0pt too wide) in paragraph at lines 44--52
[]
 []

Missing character: There is no åœ¨ in font nullfont!
Missing character: There is no è¿™ in font nullfont!
Missing character: There is no é‡Œ in font nullfont!
Missing character: There is no å¼• in font nullfont!
Missing character: There is no ç”¨ in font nullfont!
Missing character: There is no æ­¤ in font nullfont!
Missing character: There is no å›¾ in font nullfont!
Missing character: There is no ï¼Œ in font nullfont!
Missing character: There is no å¦‚ in font nullfont!
Missing character: There is no å›¾ in font nullfont!
! Undefined control sequence.
<write> ...`fig:singlepassmodel' on page \thepage 
                                                  \space undefined\on@line .

l.53 ...¨æ­¤å›¾ï¼Œå¦‚å›¾ \ref{fig:singlepassmodel}
                                                   æ‰€ç¤ºã€‚åœ¨è®ºæ–‡æœ«å°¾ä...
The control sequence at the end of the top line
of your error message was never \def'ed. If you have
misspelled it (e.g., `\hobx'), type `I' and the correct
spelling (e.g., `I\hbox'). Otherwise just continue,
and I'll forget about whatever was undefined.


LaTeX Warning: Reference `fig:singlepassmodel' on page  undefined on input line
 53.

Missing character: There is no æ‰€ in font nullfont!
Missing character: There is no ç¤º in font nullfont!
Missing character: There is no ã€‚ in font nullfont!
Missing character: There is no åœ¨ in font nullfont!
Missing character: There is no è®º in font nullfont!
Missing character: There is no æ–‡ in font nullfont!
Missing character: There is no æœ« in font nullfont!
Missing character: There is no å°¾ in font nullfont!
Missing character: There is no ä¼š in font nullfont!
Missing character: There is no è‡ª in font nullfont!
Missing character: There is no åŠ¨ in font nullfont!
Missing character: There is no ç”Ÿ in font nullfont!
Missing character: There is no æˆ in font nullfont!
Missing character: There is no æ’ in font nullfont!
Missing character: There is no å›¾ in font nullfont!
Missing character: There is no ç´¢ in font nullfont!
Missing character: There is no å¼• in font nullfont!
Missing character: There is no ã€‚ in font nullfont!

Overfull \hbox (20.0pt too wide) in paragraph at lines 53--54
[]
 []


Overfull \hbox (10.86pt too wide) in paragraph at lines 53--54
[]
 []

! Undefined control sequence.
l.55 \subsection
                {è¡¨æ ¼}
The control sequence at the end of the top line
of your error message was never \def'ed. If you have
misspelled it (e.g., `\hobx'), type `I' and the correct
spelling (e.g., `I\hbox'). Otherwise just continue,
and I'll forget about whatever was undefined.

Missing character: There is no è¡¨ in font nullfont!
Missing character: There is no æ ¼ in font nullfont!
Missing character: There is no è¡¨ in font nullfont!
Missing character: There is no æ ¼ in font nullfont!
Missing character: There is no ä¸ in font nullfont!
Missing character: There is no å›¾ in font nullfont!
Missing character: There is no ç±» in font nullfont!
Missing character: There is no ä¼¼ in font nullfont!
Missing character: There is no ï¼Œ in font nullfont!
Missing character: There is no å‚ in font nullfont!
Missing character: There is no è§ in font nullfont!
Missing character: There is no æ¸… in font nullfont!
Missing character: There is no å in font nullfont!
Missing character: There is no å¤§ in font nullfont!
Missing character: There is no å­¦ in font nullfont!
Missing character: There is no å­¦ in font nullfont!
Missing character: There is no ä½ in font nullfont!
Missing character: There is no è®º in font nullfont!
Missing character: There is no æ–‡ in font nullfont!
Missing character: There is no æ¨¡ in font nullfont!
Missing character: There is no æ¿ in font nullfont!
Missing character: There is no è¯´ in font nullfont!
Missing character: There is no æ˜ in font nullfont!
Missing character: There is no ã€‚ in font nullfont!

Overfull \hbox (20.0pt too wide) in paragraph at lines 55--57
[]
 []

! Undefined control sequence.
l.58 \subsection
                {å…¬å¼}
The control sequence at the end of the top line
of your error message was never \def'ed. If you have
misspelled it (e.g., `\hobx'), type `I' and the correct
spelling (e.g., `I\hbox'). Otherwise just continue,
and I'll forget about whatever was undefined.

Missing character: There is no å…¬ in font nullfont!
Missing character: There is no å¼ in font nullfont!

Overfull \hbox (20.0pt too wide) in paragraph at lines 58--59
[] 
 []

Missing character: There is no è¡Œ in font nullfont!
Missing character: There is no å†… in font nullfont!
Missing character: There is no å…¬ in font nullfont!
Missing character: There is no å¼ in font nullfont!
Missing character: There is no ï¼Œ in font nullfont!
Missing character: There is no è¿™ in font nullfont!
Missing character: There is no ä¸ª in font nullfont!
Missing character: There is no æ˜¯ in font nullfont!
Missing character: There is no è¡Œ in font nullfont!
Missing character: There is no å†… in font nullfont!
Missing character: There is no å…¬ in font nullfont!
Missing character: There is no å¼ in font nullfont!
LaTeX Font Info:    External font `cmex10' loaded for size
(Font)              <7> on input line 60.
LaTeX Font Info:    External font `cmex10' loaded for size
(Font)              <5> on input line 60.
Missing character: There is no ï¼Œ in font nullfont!
Missing character: There is no ä¸‹ in font nullfont!
Missing character: There is no é¢ in font nullfont!
Missing character: There is no æ˜¯ in font nullfont!
Missing character: There is no ä¸ª in font nullfont!
Missing character: There is no å¸¦ in font nullfont!
Missing character: There is no ç¼– in font nullfont!
Missing character: There is no å· in font nullfont!
Missing character: There is no çš„ in font nullfont!
Missing character: There is no ç‹¬ in font nullfont!
Missing character: There is no ç«‹ in font nullfont!
Missing character: There is no å…¬ in font nullfont!
Missing character: There is no å¼ in font nullfont!
Missing character: There is no ï¼š in font nullfont!

Overfull \hbox (20.0pt too wide) in paragraph at lines 60--61
[]
 []


Overfull \hbox (18.51382pt too wide) in paragraph at lines 60--61
\OML/cmm/m/it/10 E \OT1/cmr/m/n/10 =
 []


Overfull \hbox (23.14027pt too wide) in paragraph at lines 60--61
\OML/cmm/m/it/10 MC[]$ 
 []


Overfull \hbox (20.0pt too wide) in paragraph at lines 62--62
[] 
 []


Overfull \hbox (50.22981pt too wide) detected at line 65
[] \OT1/cmr/m/n/10 = \OML/cmm/m/it/10 \OMS/cmsy/m/n/10 r\OML/cmm/m/it/10 T[]
 []

Missing character: There is no è¿™ in font nullfont!
Missing character: There is no é‡Œ in font nullfont!
Missing character: There is no å¼• in font nullfont!
Missing character: There is no ç”¨ in font nullfont!
Missing character: There is no å…¬ in font nullfont!
Missing character: There is no å¼ in font nullfont!
Missing character: There is no ï¼Œ in font nullfont!
Missing character: There is no å…¬ in font nullfont!
Missing character: There is no å¼ in font nullfont!
! Undefined control sequence.
<write> ...ence `eq:temperature' on page \thepage 
                                                  \space undefined\on@line .

l.67 ...Œå¼•ç”¨å…¬å¼ï¼Œå…¬å¼\ref{eq:temperature}
                                                  è¡¨ç¤ºäº†æ¸©åº¦çš„è¡°å‡ã€‚
The control sequence at the end of the top line
of your error message was never \def'ed. If you have
misspelled it (e.g., `\hobx'), type `I' and the correct
spelling (e.g., `I\hbox'). Otherwise just continue,
and I'll forget about whatever was undefined.


LaTeX Warning: Reference `eq:temperature' on page  undefined on input line 67.

Missing character: There is no è¡¨ in font nullfont!
Missing character: There is no ç¤º in font nullfont!
Missing character: There is no äº† in font nullfont!
Missing character: There is no æ¸© in font nullfont!
Missing character: There is no åº¦ in font nullfont!
Missing character: There is no çš„ in font nullfont!
Missing character: There is no è¡° in font nullfont!
Missing character: There is no å‡ in font nullfont!
Missing character: There is no ã€‚ in font nullfont!

Overfull \hbox (30.86pt too wide) in paragraph at lines 67--68
[][] 
 []

! Undefined control sequence.
l.69 \subsection
                {å‚è€ƒæ–‡çŒ®}
The control sequence at the end of the top line
of your error message was never \def'ed. If you have
misspelled it (e.g., `\hobx'), type `I' and the correct
spelling (e.g., `I\hbox'). Otherwise just continue,
and I'll forget about whatever was undefined.

Missing character: There is no å‚ in font nullfont!
Missing character: There is no è€ƒ in font nullfont!
Missing character: There is no æ–‡ in font nullfont!
Missing character: There is no çŒ® in font nullfont!
Missing character: There is no ç¬¬ in font nullfont!
Missing character: There is no ä¸€ in font nullfont!
Missing character: There is no ç§ in font nullfont!
Missing character: There is no å¼• in font nullfont!
Missing character: There is no ç”¨ in font nullfont!
Missing character: There is no æ–¹ in font nullfont!
Missing character: There is no å¼ in font nullfont!
Missing character: There is no ï¼š in font nullfont!
Missing character: There is no [ in font nullfont!
\citation{vehling2018implementation}
! Undefined control sequence.
<write> ...: Citation `\@citeb ' on page \thepage 
                                                  \space undefined\on@line .

l.70 ...¨æ–¹å¼ï¼š\cite{vehling2018implementation}
                                                   è¿›è¡Œäº†ç›¸åˆ†ç¦»çš„æ•°å...
The control sequence at the end of the top line
of your error message was never \def'ed. If you have
misspelled it (e.g., `\hobx'), type `I' and the correct
spelling (e.g., `I\hbox'). Otherwise just continue,
and I'll forget about whatever was undefined.


LaTeX Warning: Citation `vehling2018implementation' on page  undefined on input
 line 70.

Missing character: There is no ] in font nullfont!
Missing character: There is no è¿› in font nullfont!
Missing character: There is no è¡Œ in font nullfont!
Missing character: There is no äº† in font nullfont!
Missing character: There is no ç›¸ in font nullfont!
Missing character: There is no åˆ† in font nullfont!
Missing character: There is no ç¦» in font nullfont!
Missing character: There is no çš„ in font nullfont!
Missing character: There is no æ•° in font nullfont!
Missing character: There is no å€¼ in font nullfont!
Missing character: There is no æ¨¡ in font nullfont!
Missing character: There is no æ‹Ÿ in font nullfont!
Missing character: There is no ç ” in font nullfont!
Missing character: There is no ç©¶ in font nullfont!
Missing character: There is no ã€‚ in font nullfont!
Missing character: There is no ç¬¬ in font nullfont!
Missing character: There is no äºŒ in font nullfont!
Missing character: There is no ç§ in font nullfont!
Missing character: There is no å¼• in font nullfont!
Missing character: There is no ç”¨ in font nullfont!
Missing character: There is no æ–¹ in font nullfont!
Missing character: There is no å¼ in font nullfont!
Missing character: There is no ï¼š in font nullfont!
Missing character: There is no ä¸‰ in font nullfont!
Missing character: There is no ç»´ in font nullfont!
Missing character: There is no æ•° in font nullfont!
Missing character: There is no å€¼ in font nullfont!
Missing character: There is no æ¨¡ in font nullfont!
Missing character: There is no æ‹Ÿ in font nullfont!
Missing character: There is no ç›® in font nullfont!
Missing character: There is no å‰ in font nullfont!
Missing character: There is no ä»… in font nullfont!
Missing character: There is no é™ in font nullfont!
Missing character: There is no äº in font nullfont!
Missing character: There is no å• in font nullfont!
Missing character: There is no ç›¸ in font nullfont!
Missing character: There is no æµ in font nullfont!
Missing character: There is no ä½“ in font nullfont!
! Undefined control sequence.
l.71 ...å€¼æ¨¡æ‹Ÿç›®å‰ä»…é™äºå•ç›¸æµä½“\citep
                                                  {coumou2008structure,coumo...
The control sequence at the end of the top line
of your error message was never \def'ed. If you have
misspelled it (e.g., `\hobx'), type `I' and the correct
spelling (e.g., `I\hbox'). Otherwise just continue,
and I'll forget about whatever was undefined.

Missing character: There is no c in font nullfont!
Missing character: There is no o in font nullfont!
Missing character: There is no u in font nullfont!
Missing character: There is no m in font nullfont!
Missing character: There is no o in font nullfont!
Missing character: There is no u in font nullfont!
Missing character: There is no 2 in font nullfont!
Missing character: There is no 0 in font nullfont!
Missing character: There is no 0 in font nullfont!
Missing character: There is no 8 in font nullfont!
Missing character: There is no s in font nullfont!
Missing character: There is no t in font nullfont!
Missing character: There is no r in font nullfont!
Missing character: There is no u in font nullfont!
Missing character: There is no c in font nullfont!
Missing character: There is no t in font nullfont!
Missing character: There is no u in font nullfont!
Missing character: There is no r in font nullfont!
Missing character: There is no e in font nullfont!
Missing character: There is no , in font nullfont!
Missing character: There is no c in font nullfont!
Missing character: There is no o in font nullfont!
Missing character: There is no u in font nullfont!
Missing character: There is no m in font nullfont!
Missing character: There is no o in font nullfont!
Missing character: There is no u in font nullfont!
Missing character: There is no 2 in font nullfont!
Missing character: There is no 0 in font nullfont!
Missing character: There is no 0 in font nullfont!
Missing character: There is no 6 in font nullfont!
Missing character: There is no d in font nullfont!
Missing character: There is no y in font nullfont!
Missing character: There is no n in font nullfont!
Missing character: There is no a in font nullfont!
Missing character: There is no m in font nullfont!
Missing character: There is no i in font nullfont!
Missing character: There is no c in font nullfont!
Missing character: There is no s in font nullfont!
Missing character: There is no ã€‚ in font nullfont!
Missing character: There is no è¿™ in font nullfont!
Missing character: There is no æ · in font nullfont!
Missing character: There is no çš„ in font nullfont!
Missing character: There is no å¼• in font nullfont!
Missing character: There is no ç”¨ in font nullfont!
Missing character: There is no æ–¹ in font nullfont!
Missing character: There is no å¼ in font nullfont!
Missing character: There is no å¯ in font nullfont!
Missing character: There is no èƒ½ in font nullfont!
Missing character: There is no æ›´ in font nullfont!
Missing character: There is no æ˜“ in font nullfont!
Missing character: There is no è¯» in font nullfont!
Missing character: There is no ä¸€ in font nullfont!
Missing character: There is no äº› in font nullfont!
Missing character: There is no ï¼Œ in font nullfont!
Missing character: There is no æœ‰ in font nullfont!
Missing character: There is no å¯ in font nullfont!
Missing character: There is no èƒ½ in font nullfont!
Missing character: There is no åœ° in font nullfont!
Missing character: There is no å¤§ in font nullfont!
Missing character: There is no è¦ in font nullfont!
Missing character: There is no æ±‚ in font nullfont!
Missing character: There is no ä»¥ in font nullfont!
Missing character: There is no ç¼– in font nullfont!
Missing character: There is no å· in font nullfont!
Missing character: There is no çš„ in font nullfont!
Missing character: There is no å½¢ in font nullfont!
Missing character: There is no å¼ in font nullfont!
Missing character: There is no æ˜¾ in font nullfont!
Missing character: There is no ç¤º in font nullfont!
Missing character: There is no ï¼Œ in font nullfont!
Missing character: There is no n in font nullfont!
Missing character: There is no a in font nullfont!
Missing character: There is no m in font nullfont!
Missing character: There is no e in font nullfont!
Missing character: There is no åª in font nullfont!
Missing character: There is no éœ€ in font nullfont!
Missing character: There is no è¦ in font nullfont!
Missing character: There is no åœ¨ in font nullfont!
Missing character: There is no m in font nullfont!
Missing character: There is no a in font nullfont!
Missing character: There is no i in font nullfont!
Missing character: There is no n in font nullfont!
Missing character: There is no . in font nullfont!
Missing character: There is no t in font nullfont!
Missing character: There is no e in font nullfont!
Missing character: There is no x in font nullfont!
Missing character: There is no é‡Œ in font nullfont!
Missing character: There is no é¢ in font nullfont!
Missing character: There is no æŠŠ in font nullfont!
Missing character: There is no å‚ in font nullfont!
Missing character: There is no è€ƒ in font nullfont!
Missing character: There is no å¼• in font nullfont!
Missing character: There is no ç”¨ in font nullfont!
Missing character: There is no æ ¼ in font nullfont!
Missing character: There is no å¼ in font nullfont!
Missing character: There is no ä» in font nullfont!
Missing character: There is no t in font nullfont!
Missing character: There is no h in font nullfont!
Missing character: There is no u in font nullfont!
Missing character: There is no t in font nullfont!
Missing character: There is no h in font nullfont!
Missing character: There is no e in font nullfont!
Missing character: There is no s in font nullfont!
Missing character: There is no i in font nullfont!
Missing character: There is no s in font nullfont!
Missing character: There is no - in font nullfont!
Missing character: There is no a in font nullfont!
Missing character: There is no u in font nullfont!
Missing character: There is no t in font nullfont!
Missing character: There is no h in font nullfont!
Missing character: There is no o in font nullfont!
Missing character: There is no r in font nullfont!
Missing character: There is no - in font nullfont!
Missing character: There is no y in font nullfont!
Missing character: There is no e in font nullfont!
Missing character: There is no a in font nullfont!
Missing character: There is no r in font nullfont!
Missing character: There is no æ”¹ in font nullfont!
Missing character: There is no ä¸º in font nullfont!
Missing character: There is no t in font nullfont!
Missing character: There is no h in font nullfont!
Missing character: There is no u in font nullfont!
Missing character: There is no t in font nullfont!
Missing character: There is no h in font nullfont!
Missing character: There is no e in font nullfont!
Missing character: There is no s in font nullfont!
Missing character: There is no i in font nullfont!
Missing character: There is no s in font nullfont!
Missing character: There is no - in font nullfont!
Missing character: There is no n in font nullfont!
Missing character: There is no u in font nullfont!
Missing character: There is no m in font nullfont!
Missing character: There is no e in font nullfont!
Missing character: There is no r in font nullfont!
Missing character: There is no i in font nullfont!
Missing character: There is no c in font nullfont!
Missing character: There is no å³ in font nullfont!
Missing character: There is no å¯ in font nullfont!
)
! Emergency stop.
<*> chap01.tex
              
*** (job aborted, no legal \end found)

 
Here is how much of TeX's memory you used:
 20 strings out of 493005
 334 string characters out of 6134596
 10061634 words of memory out of 15000000
 4089 multiletter control sequences out of 15000+600000
 3656 words of font info for 16 fonts, out of 8000000 for 9000
 1348 hyphenation exceptions out of 8191
 18i,3n,21p,116b,94s stack positions out of 30000i,500n,10000p,200000b,80000s
No pages of output.
